<?xml version="1.0" encoding="utf-8"?><testsuites name="pytest tests"><testsuite name="pytest" errors="0" failures="0" skipped="11" tests="81" time="0.846" timestamp="2026-08-06T21:38:30.084281+08:00" hostname="feng"><testcase classname="tests.test_auth_api.TestLoginAPI" name="test_admin_login_success" time="0.012" /><testcase classname="tests.test_auth_api.TestLoginAPI" name="test_user_login_success" time="0.005" /><testcase classname="tests.test_auth_api.TestLoginAPI" name="test_login_wrong_password" time="0.005" /><testcase classname="tests.test_auth_api.TestLoginAPI" name="test_login_wrong_username" time="0.004" /><testcase classname="tests.test_auth_api.TestLoginAPI" name="test_login_wrong_type" time="0.005" /><testcase classname="tests.test_auth_api.TestLoginAPI" name="test_login_empty_username" time="0.005" /><testcase classname="tests.test_auth_api.TestLoginAPI" name="test_login_empty_password" time="0.005" /><testcase classname="tests.test_auth_api.TestLoginAPI" name="test_login_sql_injection" time="0.005" /><testcase classname="tests.test_auth_api.TestLoginAPI" name="test_login_disabled_user" time="0.005" /><testcase classname="tests.test_auth_api.TestCurrentUserAPI" name="test_get_current_user_success" time="0.025" /><testcase classname="tests.test_auth_api.TestCurrentUserAPI" name="test_get_current_user_no_token" time="0.017" /><testcase classname="tests.test_auth_api.TestCurrentUserAPI" name="test_get_current_user_invalid_token" time="0.004" /><testcase classname="tests.test_auth_api.TestRegisterAPI" name="test_register_success" time="0.007" /><testcase classname="tests.test_auth_api.TestRegisterAPI" name="test_register_duplicate_username" time="0.005" /><testcase classname="tests.test_auth_api.TestRegisterAPI" name="test_register_empty_username" time="0.006" /><testcase classname="tests.test_fee_api.TestPropertyFeePageAPI" name="test_page_query_success" time="0.018" /><testcase classname="tests.test_fee_api.TestPropertyFeePageAPI" name="test_page_query_response_time" time="0.015" /><testcase classname="tests.test_fee_api.TestPropertyFeePageAPI" name="test_page_query_no_token" time="0.017" /><testcase classname="tests.test_fee_api.TestPropertyFeeAddAPI" name="test_add_fee_success" time="0.005" /><testcase classname="tests.test_fee_api.TestPropertyFeeAddAPI" name="test_add_fee_zero_amount" time="0.014" /><testcase classname="tests.test_fee_api.TestPropertyFeeAddAPI" name="test_add_fee_negative_amount" time="0.006" /><testcase classname="tests.test_fee_api.TestPropertyFeeAddAPI" name="test_add_fee_no_house_id" time="0.006" /><testcase classname="tests.test_fee_api.TestPropertyFeeAddAPI" name="test_add_fee_user_role" time="0.005" /><testcase classname="tests.test_fee_api.TestPropertyFeePayAPI" name="test_pay_already_paid" time="0.006" /><testcase classname="tests.test_fee_api.TestPropertyFeePayAPI" name="test_pay_nonexistent_id" time="0.006" /><testcase classname="tests.test_fee_api.TestPropertyFeePayAPI" name="test_pay_no_token" time="0.003" /><testcase classname="tests.test_fee_api.TestPropertyFeeDeleteAPI" name="test_delete_fee_success" time="0.006" /><testcase classname="tests.test_fee_api.TestPropertyFeeDeleteAPI" name="test_delete_nonexistent_id" time="0.016" /><testcase classname="tests.test_repair_api.TestRepairPageAPI" name="test_page_query_success" time="0.006" /><testcase classname="tests.test_repair_api.TestRepairPageAPI" name="test_page_query_response_time" time="0.006" /><testcase classname="tests.test_repair_api.TestRepairPageAPI" name="test_page_query_no_token" time="0.003" /><testcase classname="tests.test_repair_api.TestRepairPageAPI" name="test_page_query_boundary_large_page" time="0.004" /><testcase classname="tests.test_repair_api.TestRepairAddAPI" name="test_add_repair_success" time="0.007" /><testcase classname="tests.test_repair_api.TestRepairAddAPI" name="test_add_repair_empty_content" time="0.007" /><testcase classname="tests.test_repair_api.TestRepairAddAPI" name="test_add_repair_no_house_id" time="0.007" /><testcase classname="tests.test_repair_api.TestRepairAddAPI" name="test_add_repair_xss_content" time="0.007"><skipped type="pytest.xfail" message="后端缺陷：XSS内容导致服务器500错误" /></testcase><testcase classname="tests.test_repair_api.TestRepairAddAPI" name="test_add_repair_sql_injection" time="0.007" /><testcase classname="tests.test_repair_api.TestRepairAddAPI" name="test_add_repair_no_token" time="0.003" /><testcase classname="tests.test_repair_api.TestRepairHandleAPI" name="test_handle_repair_success" time="0.004" /><testcase classname="tests.test_repair_api.TestRepairHandleAPI" name="test_handle_nonexistent_repair" time="0.003"><skipped type="pytest.xfail" message="后端缺陷：处理不存在的报修ID未校验" /></testcase><testcase classname="tests.test_repair_api.TestRepairHandleAPI" name="test_handle_repair_user_role" time="0.004"><skipped type="pytest.xfail" message="安全漏洞：后端缺少角色权限校验，业主可处理报修" /></testcase><testcase classname="tests.test_repair_api.TestRepairHandleAPI" name="test_handle_repair_no_token" time="0.003" /><testcase classname="tests.test_repair_api.TestRepairDeleteAPI" name="test_delete_repair_no_token" time="0.003" /><testcase classname="tests.test_security_api.TestSQLInjection" name="test_login_sql_injection[admin' OR '1'='1]" time="0.025" /><testcase classname="tests.test_security_api.TestSQLInjection" name="test_login_sql_injection[admin'; DROP TABLE admin; --]" time="0.004" /><testcase classname="tests.test_security_api.TestSQLInjection" name="test_login_sql_injection[' UNION SELECT * FROM user --]" time="0.005" /><testcase classname="tests.test_security_api.TestSQLInjection" name="test_login_sql_injection[admin'--]" time="0.004" /><testcase classname="tests.test_security_api.TestSQLInjection" name="test_login_sql_injection[' OR 1=1#]" time="0.017" /><testcase classname="tests.test_security_api.TestSQLInjection" name="test_query_sql_injection[' OR '1'='1]" time="0.005" /><testcase classname="tests.test_security_api.TestSQLInjection" name="test_query_sql_injection[1; DROP TABLE repair; --]" time="0.004" /><testcase classname="tests.test_security_api.TestSQLInjection" name="test_query_sql_injection[' UNION SELECT password FROM admin--]" time="0.005" /><testcase classname="tests.test_security_api.TestXSSAttack" name="test_repair_xss[&lt;script&gt;alert('xss')&lt;/script&gt;]" time="0.006"><skipped type="pytest.xfail" message="后端缺陷：XSS内容导致服务器500错误" /></testcase><testcase classname="tests.test_security_api.TestXSSAttack" name="test_repair_xss[&lt;img src=x onerror=alert(1)&gt;]" time="0.006"><skipped type="pytest.xfail" message="后端缺陷：XSS内容导致服务器500错误" /></testcase><testcase classname="tests.test_security_api.TestXSSAttack" name="test_repair_xss[&lt;svg onload=alert(1)&gt;]" time="0.007"><skipped type="pytest.xfail" message="后端缺陷：XSS内容导致服务器500错误" /></testcase><testcase classname="tests.test_security_api.TestXSSAttack" name="test_repair_xss[javascript:alert(1)]" time="0.007"><skipped type="pytest.xfail" message="后端缺陷：XSS内容导致服务器500错误" /></testcase><testcase classname="tests.test_security_api.TestXSSAttack" name="test_forum_xss[&lt;script&gt;alert('xss')&lt;/script&gt;]" time="0.036" /><testcase classname="tests.test_security_api.TestXSSAttack" name="test_forum_xss[&lt;img src=x onerror=alert(1)&gt;]" time="0.036" /><testcase classname="tests.test_security_api.TestPermissionBypass" name="test_user_access_admin_user_list" time="0.005"><skipped type="pytest.xfail" message="安全漏洞：后端缺少角色权限校验，业主可访问用户管理" /></testcase><testcase classname="tests.test_security_api.TestPermissionBypass" name="test_user_access_admin_fee_add" time="0.006" /><testcase classname="tests.test_security_api.TestPermissionBypass" name="test_user_handle_repair" time="0.004"><skipped type="pytest.xfail" message="安全漏洞：后端缺少角色权限校验，业主可处理报修" /></testcase><testcase classname="tests.test_security_api.TestPermissionBypass" name="test_user_reset_password" time="0.005" /><testcase classname="tests.test_security_api.TestAuthenticationSecurity" name="test_no_token_access" time="0.007" /><testcase classname="tests.test_security_api.TestAuthenticationSecurity" name="test_invalid_token_access" time="0.004" /><testcase classname="tests.test_security_api.TestAuthenticationSecurity" name="test_empty_token_access" time="0.003" /><testcase classname="tests.test_security_api.TestAuthenticationSecurity" name="test_options_request_allowed" time="0.003" /><testcase classname="tests.test_user_api.TestUserPageAPI" name="test_page_query_success" time="0.005" /><testcase classname="tests.test_user_api.TestUserPageAPI" name="test_page_query_response_time" time="0.005" /><testcase classname="tests.test_user_api.TestUserPageAPI" name="test_page_query_no_token" time="0.003" /><testcase classname="tests.test_user_api.TestUserPageAPI" name="test_page_query_user_role" time="0.005"><skipped type="pytest.xfail" message="安全漏洞：后端缺少角色权限校验，业主可访问 /user/page" /></testcase><testcase classname="tests.test_user_api.TestUserPageAPI" name="test_page_query_boundary_page_zero" time="0.005" /><testcase classname="tests.test_user_api.TestUserPageAPI" name="test_page_query_boundary_negative_page" time="0.007" /><testcase classname="tests.test_user_api.TestUserPageAPI" name="test_page_query_boundary_large_page" time="0.005" /><testcase classname="tests.test_user_api.TestUserAddAPI" name="test_add_user_success" time="0.006" /><testcase classname="tests.test_user_api.TestUserAddAPI" name="test_add_user_duplicate" time="0.005" /><testcase classname="tests.test_user_api.TestUserAddAPI" name="test_add_user_empty_username" time="0.007" /><testcase classname="tests.test_user_api.TestUserUpdateAPI" name="test_update_user_success" time="0.005" /><testcase classname="tests.test_user_api.TestUserUpdateAPI" name="test_update_user_no_token" time="0.003" /><testcase classname="tests.test_user_api.TestUserTopUpAPI" name="test_top_up_success" time="0.025" /><testcase classname="tests.test_user_api.TestUserTopUpAPI" name="test_top_up_zero" time="0.005" /><testcase classname="tests.test_user_api.TestUserTopUpAPI" name="test_top_up_negative" time="0.024"><skipped type="pytest.xfail" message="后端缺陷：负数充值未校验" /></testcase><testcase classname="tests.test_user_api.TestUserTopUpAPI" name="test_top_up_no_token" time="0.004" /></testsuite></testsuites>