<?xml version="1.0" encoding="utf-8"?><testsuites name="pytest tests"><testsuite name="pytest" errors="0" failures="4" skipped="6" tests="76" time="1038.311" timestamp="2026-08-06T21:56:53.920337+08:00" hostname="feng"><testcase classname="tests.test_announcement.TestAnnouncement" name="test_announcement_list_displayed" time="10.332" /><testcase classname="tests.test_announcement.TestAnnouncement" name="test_search_announcement_by_title" time="10.910" /><testcase classname="tests.test_announcement.TestAnnouncement" name="test_search_announcement_by_type" time="0.001"><skipped type="pytest.skip" message="AnnouncementManage.vue 中 statusList 未定义，状态下拉框无选项">D:\community-system\community-system\automation\tests\test_announcement.py:29: AnnouncementManage.vue 中 statusList 未定义，状态下拉框无选项</skipped></testcase><testcase classname="tests.test_announcement.TestAnnouncement" name="test_add_announcement" time="15.712" /><testcase classname="tests.test_announcement.TestAnnouncement" name="test_edit_announcement" time="14.107" /><testcase classname="tests.test_announcement.TestAnnouncement" name="test_delete_announcement" time="17.242" /><testcase classname="tests.test_announcement.TestAnnouncement" name="test_view_announcement" time="19.630" /><testcase classname="tests.test_announcement.TestAnnouncement" name="test_reset_search" time="10.719" /><testcase classname="tests.test_announcement.TestAnnouncement" name="test_add_announcement_with_important" time="13.855" /><testcase classname="tests.test_announcement.TestAnnouncement" name="test_add_announcement_cancel" time="20.346" /><testcase classname="tests.test_locator_fix.TestFormItemLocator" name="test_search_form_items_locatable" time="9.236" /><testcase classname="tests.test_locator_fix.TestFormItemLocator" name="test_dialog_form_items_locatable" time="11.186" /><testcase classname="tests.test_locator_fix.TestRichTextEditor" name="test_contenteditable_locator" time="11.640" /><testcase classname="tests.test_locator_fix.TestRichTextEditor" name="test_rich_text_input_via_send_keys" time="13.326" /><testcase classname="tests.test_locator_fix.TestSelectDropdown" name="test_select_popper_locator" time="33.347"><failure message="selenium.common.exceptions.TimeoutException: Message: &#10;Stacktrace:&#10;&#09;msedgedriver!GetHandleVerifier [0x7ff7f1ff0375+e3f5]&#10;&#09;msedgedriver!GetHandleVerifier [0x7ff7f1ff03d4+e454]&#10;&#09;msedgedriver!GetHandleVerifier [0x7ff7f26ad3e2+6cb462]&#10;&#09;msedgedriver!(No symbol) [0x7ff7f19ef672]&#10;&#09;msedgedriver!(No symbol) [0x7ff7f19ef8e5]&#10;&#09;msedgedriver!(No symbol) [0x7ff7f1a2d977]&#10;&#09;msedgedriver!(No symbol) [0x7ff7f19e6287]&#10;&#09;msedgedriver!(No symbol) [0x7ff7f1a2b638]&#10;&#09;msedgedriver!(No symbol) [0x7ff7f19e5acc]&#10;&#09;msedgedriver!(No symbol) [0x7ff7f19e4d26]&#10;&#09;msedgedriver!(No symbol) [0x7ff7f19e58f3]&#10;&#09;msedgedriver!(No symbol) [0x7ff7f1c40eeb]&#10;&#09;msedgedriver!(No symbol) [0x7ff7f1c3d304]&#10;&#09;msedgedriver!GetHandleVerifier [0x7ff7f201d2c5+3b345]&#10;&#09;msedgedriver!GetHandleVerifier [0x7ff7f200be41+29ec1]&#10;&#09;msedgedriver!GetHandleVerifier [0x7ff7f2014786+32806]&#10;&#09;msedgedriver!GetHandleVerifier [0x7ff7f1ff7d34+15db4]&#10;&#09;msedgedriver!GetHandleVerifier [0x7ff7f1ff7e55+15ed5]&#10;&#09;msedgedriver!GetHandleVerifier [0x7ff7f1fe43c3+2443]&#10;&#09;KERNEL32!BaseThreadInitThunk [0x7ffd1bdbe957+17]&#10;&#09;ntdll!RtlUserThreadStart [0x7ffd1d72ad6c+2c]">tests\test_locator_fix.py:114: in test_select_popper_locator
    property_fee_page.click(*property_fee_page.DIALOG_CANCEL)
pages\base_page.py:54: in click
    elem = self._wait(timeout).until(
C:\Users\Administrator\AppData\Local\Programs\Python\Python312\Lib\site-packages\selenium\webdriver\support\wait.py:121: in until
    raise TimeoutException(message, screen, stacktrace)
E   selenium.common.exceptions.TimeoutException: Message: 
E   Stacktrace:
E   	msedgedriver!GetHandleVerifier [0x7ff7f1ff0375+e3f5]
E   	msedgedriver!GetHandleVerifier [0x7ff7f1ff03d4+e454]
E   	msedgedriver!GetHandleVerifier [0x7ff7f26ad3e2+6cb462]
E   	msedgedriver!(No symbol) [0x7ff7f19ef672]
E   	msedgedriver!(No symbol) [0x7ff7f19ef8e5]
E   	msedgedriver!(No symbol) [0x7ff7f1a2d977]
E   	msedgedriver!(No symbol) [0x7ff7f19e6287]
E   	msedgedriver!(No symbol) [0x7ff7f1a2b638]
E   	msedgedriver!(No symbol) [0x7ff7f19e5acc]
E   	msedgedriver!(No symbol) [0x7ff7f19e4d26]
E   	msedgedriver!(No symbol) [0x7ff7f19e58f3]
E   	msedgedriver!(No symbol) [0x7ff7f1c40eeb]
E   	msedgedriver!(No symbol) [0x7ff7f1c3d304]
E   	msedgedriver!GetHandleVerifier [0x7ff7f201d2c5+3b345]
E   	msedgedriver!GetHandleVerifier [0x7ff7f200be41+29ec1]
E   	msedgedriver!GetHandleVerifier [0x7ff7f2014786+32806]
E   	msedgedriver!GetHandleVerifier [0x7ff7f1ff7d34+15db4]
E   	msedgedriver!GetHandleVerifier [0x7ff7f1ff7e55+15ed5]
E   	msedgedriver!GetHandleVerifier [0x7ff7f1fe43c3+2443]
E   	KERNEL32!BaseThreadInitThunk [0x7ffd1bdbe957+17]
E   	ntdll!RtlUserThreadStart [0x7ffd1d72ad6c+2c]</failure></testcase><testcase classname="tests.test_locator_fix.TestIntegrationFlow" name="test_announcement_full_flow" time="17.535" /><testcase classname="tests.test_locator_fix.TestIntegrationFlow" name="test_property_fee_full_flow" time="24.038" /><testcase classname="tests.test_login.TestLogin" name="test_admin_login_success" time="8.979" /><testcase classname="tests.test_login.TestLogin" name="test_user_login_with_valid_credentials" time="9.150" /><testcase classname="tests.test_login.TestLogin" name="test_login_page_displayed" time="4.029" /><testcase classname="tests.test_login.TestLogin" name="test_login_with_empty_credentials" time="5.131" /><testcase classname="tests.test_login.TestLogin" name="test_login_with_invalid_credentials" time="6.919" /><testcase classname="tests.test_login.TestLogin" name="test_login_with_disabled_user" time="6.976" /><testcase classname="tests.test_login.TestLogin" name="test_login_type_options" time="4.608" /><testcase classname="tests.test_login.TestLogin" name="test_register_link_navigation" time="6.173" /><testcase classname="tests.test_login.TestLogin" name="test_login_security_sql_injection" time="6.857" /><testcase classname="tests.test_login.TestLogin" name="test_login_security_xss" time="6.838" /><testcase classname="tests.test_logout_and_security.TestLogoutAndSecurity" name="test_admin_logout" time="11.591" /><testcase classname="tests.test_logout_and_security.TestLogoutAndSecurity" name="test_user_logout" time="29.554"><failure message="selenium.common.exceptions.TimeoutException: Message: &#10;Stacktrace:&#10;&#09;msedgedriver!GetHandleVerifier [0x7ff7f1ff0375+e3f5]&#10;&#09;msedgedriver!GetHandleVerifier [0x7ff7f1ff03d4+e454]&#10;&#09;msedgedriver!GetHandleVerifier [0x7ff7f26ad3e2+6cb462]&#10;&#09;msedgedriver!(No symbol) [0x7ff7f19ef672]&#10;&#09;msedgedriver!(No symbol) [0x7ff7f19ef8e5]&#10;&#09;msedgedriver!(No symbol) [0x7ff7f1a2d977]&#10;&#09;msedgedriver!(No symbol) [0x7ff7f19e6287]&#10;&#09;msedgedriver!(No symbol) [0x7ff7f1a2b638]&#10;&#09;msedgedriver!(No symbol) [0x7ff7f19e5acc]&#10;&#09;msedgedriver!(No symbol) [0x7ff7f19e4d26]&#10;&#09;msedgedriver!(No symbol) [0x7ff7f19e58f3]&#10;&#09;msedgedriver!(No symbol) [0x7ff7f1c40eeb]&#10;&#09;msedgedriver!(No symbol) [0x7ff7f1c3d304]&#10;&#09;msedgedriver!GetHandleVerifier [0x7ff7f201d2c5+3b345]&#10;&#09;msedgedriver!GetHandleVerifier [0x7ff7f200be41+29ec1]&#10;&#09;msedgedriver!GetHandleVerifier [0x7ff7f2014786+32806]&#10;&#09;msedgedriver!GetHandleVerifier [0x7ff7f1ff7d34+15db4]&#10;&#09;msedgedriver!GetHandleVerifier [0x7ff7f1ff7e55+15ed5]&#10;&#09;msedgedriver!GetHandleVerifier [0x7ff7f1fe43c3+2443]&#10;&#09;KERNEL32!BaseThreadInitThunk [0x7ffd1bdbe957+17]&#10;&#09;ntdll!RtlUserThreadStart [0x7ffd1d72ad6c+2c]">tests\test_logout_and_security.py:25: in test_user_logout
    front_page.logout()
pages\front_page.py:109: in logout
    self.click(*self.USER_DROPDOWN_TRIGGER)
pages\base_page.py:54: in click
    elem = self._wait(timeout).until(
C:\Users\Administrator\AppData\Local\Programs\Python\Python312\Lib\site-packages\selenium\webdriver\support\wait.py:121: in until
    raise TimeoutException(message, screen, stacktrace)
E   selenium.common.exceptions.TimeoutException: Message: 
E   Stacktrace:
E   	msedgedriver!GetHandleVerifier [0x7ff7f1ff0375+e3f5]
E   	msedgedriver!GetHandleVerifier [0x7ff7f1ff03d4+e454]
E   	msedgedriver!GetHandleVerifier [0x7ff7f26ad3e2+6cb462]
E   	msedgedriver!(No symbol) [0x7ff7f19ef672]
E   	msedgedriver!(No symbol) [0x7ff7f19ef8e5]
E   	msedgedriver!(No symbol) [0x7ff7f1a2d977]
E   	msedgedriver!(No symbol) [0x7ff7f19e6287]
E   	msedgedriver!(No symbol) [0x7ff7f1a2b638]
E   	msedgedriver!(No symbol) [0x7ff7f19e5acc]
E   	msedgedriver!(No symbol) [0x7ff7f19e4d26]
E   	msedgedriver!(No symbol) [0x7ff7f19e58f3]
E   	msedgedriver!(No symbol) [0x7ff7f1c40eeb]
E   	msedgedriver!(No symbol) [0x7ff7f1c3d304]
E   	msedgedriver!GetHandleVerifier [0x7ff7f201d2c5+3b345]
E   	msedgedriver!GetHandleVerifier [0x7ff7f200be41+29ec1]
E   	msedgedriver!GetHandleVerifier [0x7ff7f2014786+32806]
E   	msedgedriver!GetHandleVerifier [0x7ff7f1ff7d34+15db4]
E   	msedgedriver!GetHandleVerifier [0x7ff7f1ff7e55+15ed5]
E   	msedgedriver!GetHandleVerifier [0x7ff7f1fe43c3+2443]
E   	KERNEL32!BaseThreadInitThunk [0x7ffd1bdbe957+17]
E   	ntdll!RtlUserThreadStart [0x7ffd1d72ad6c+2c]</failure></testcase><testcase classname="tests.test_logout_and_security.TestLogoutAndSecurity" name="test_access_admin_without_login" time="4.978" /><testcase classname="tests.test_logout_and_security.TestLogoutAndSecurity" name="test_access_user_pages_without_login" time="4.002"><failure message="AssertionError: 未登录访问个人中心应重定向到登录页&#10;assert ('/login' in 'http://localhost:5173/profile' or '/register' in 'http://localhost:5173/profile')">tests\test_logout_and_security.py:45: in test_access_user_pages_without_login
    assert "/login" in current_url or "/register" in current_url, \
E   AssertionError: 未登录访问个人中心应重定向到登录页
E   assert ('/login' in 'http://localhost:5173/profile' or '/register' in 'http://localhost:5173/profile')</failure></testcase><testcase classname="tests.test_logout_and_security.TestLogoutAndSecurity" name="test_session_expiry" time="8.986" /><testcase classname="tests.test_logout_and_security.TestLogoutAndSecurity" name="test_logout_redirect" time="11.580" /><testcase classname="tests.test_logout_and_security.TestLogoutAndSecurity" name="test_login_then_logout_then_relogin" time="16.533" /><testcase classname="tests.test_logout_and_security.TestLogoutAndSecurity" name="test_multiple_logout" time="32.101" /><testcase classname="tests.test_logout_and_security.TestLogoutAndSecurity" name="test_csrf_protection" time="7.959" /><testcase classname="tests.test_logout_and_security.TestLogoutAndSecurity" name="test_admin_menu_access_control" time="9.007" /><testcase classname="tests.test_logout_and_security.TestLogoutAndSecurity" name="test_front_page_navigation_security" time="29.541"><failure message="selenium.common.exceptions.TimeoutException: Message: &#10;Stacktrace:&#10;&#09;msedgedriver!GetHandleVerifier [0x7ff7f1ff0375+e3f5]&#10;&#09;msedgedriver!GetHandleVerifier [0x7ff7f1ff03d4+e454]&#10;&#09;msedgedriver!GetHandleVerifier [0x7ff7f26ad3e2+6cb462]&#10;&#09;msedgedriver!(No symbol) [0x7ff7f19ef672]&#10;&#09;msedgedriver!(No symbol) [0x7ff7f19ef8e5]&#10;&#09;msedgedriver!(No symbol) [0x7ff7f1a2d977]&#10;&#09;msedgedriver!(No symbol) [0x7ff7f19e6287]&#10;&#09;msedgedriver!(No symbol) [0x7ff7f1a2b638]&#10;&#09;msedgedriver!(No symbol) [0x7ff7f19e5acc]&#10;&#09;msedgedriver!(No symbol) [0x7ff7f19e4d26]&#10;&#09;msedgedriver!(No symbol) [0x7ff7f19e58f3]&#10;&#09;msedgedriver!(No symbol) [0x7ff7f1c40eeb]&#10;&#09;msedgedriver!(No symbol) [0x7ff7f1c3d304]&#10;&#09;msedgedriver!GetHandleVerifier [0x7ff7f201d2c5+3b345]&#10;&#09;msedgedriver!GetHandleVerifier [0x7ff7f200be41+29ec1]&#10;&#09;msedgedriver!GetHandleVerifier [0x7ff7f2014786+32806]&#10;&#09;msedgedriver!GetHandleVerifier [0x7ff7f1ff7d34+15db4]&#10;&#09;msedgedriver!GetHandleVerifier [0x7ff7f1ff7e55+15ed5]&#10;&#09;msedgedriver!GetHandleVerifier [0x7ff7f1fe43c3+2443]&#10;&#09;KERNEL32!BaseThreadInitThunk [0x7ffd1bdbe957+17]&#10;&#09;ntdll!RtlUserThreadStart [0x7ffd1d72ad6c+2c]">tests\test_logout_and_security.py:107: in test_front_page_navigation_security
    front_page.navigate_to_profile()
pages\front_page.py:74: in navigate_to_profile
    self.click(*self.NAV_PROFILE)
pages\base_page.py:54: in click
    elem = self._wait(timeout).until(
C:\Users\Administrator\AppData\Local\Programs\Python\Python312\Lib\site-packages\selenium\webdriver\support\wait.py:121: in until
    raise TimeoutException(message, screen, stacktrace)
E   selenium.common.exceptions.TimeoutException: Message: 
E   Stacktrace:
E   	msedgedriver!GetHandleVerifier [0x7ff7f1ff0375+e3f5]
E   	msedgedriver!GetHandleVerifier [0x7ff7f1ff03d4+e454]
E   	msedgedriver!GetHandleVerifier [0x7ff7f26ad3e2+6cb462]
E   	msedgedriver!(No symbol) [0x7ff7f19ef672]
E   	msedgedriver!(No symbol) [0x7ff7f19ef8e5]
E   	msedgedriver!(No symbol) [0x7ff7f1a2d977]
E   	msedgedriver!(No symbol) [0x7ff7f19e6287]
E   	msedgedriver!(No symbol) [0x7ff7f1a2b638]
E   	msedgedriver!(No symbol) [0x7ff7f19e5acc]
E   	msedgedriver!(No symbol) [0x7ff7f19e4d26]
E   	msedgedriver!(No symbol) [0x7ff7f19e58f3]
E   	msedgedriver!(No symbol) [0x7ff7f1c40eeb]
E   	msedgedriver!(No symbol) [0x7ff7f1c3d304]
E   	msedgedriver!GetHandleVerifier [0x7ff7f201d2c5+3b345]
E   	msedgedriver!GetHandleVerifier [0x7ff7f200be41+29ec1]
E   	msedgedriver!GetHandleVerifier [0x7ff7f2014786+32806]
E   	msedgedriver!GetHandleVerifier [0x7ff7f1ff7d34+15db4]
E   	msedgedriver!GetHandleVerifier [0x7ff7f1ff7e55+15ed5]
E   	msedgedriver!GetHandleVerifier [0x7ff7f1fe43c3+2443]
E   	KERNEL32!BaseThreadInitThunk [0x7ffd1bdbe957+17]
E   	ntdll!RtlUserThreadStart [0x7ffd1d72ad6c+2c]</failure></testcase><testcase classname="tests.test_property_fee.TestPropertyFee" name="test_fee_list_displayed" time="9.577" /><testcase classname="tests.test_property_fee.TestPropertyFee" name="test_search_fee_by_building" time="11.134" /><testcase classname="tests.test_property_fee.TestPropertyFee" name="test_search_fee_by_status" time="11.534" /><testcase classname="tests.test_property_fee.TestPropertyFee" name="test_add_fee" time="16.441" /><testcase classname="tests.test_property_fee.TestPropertyFee" name="test_edit_fee" time="14.202" /><testcase classname="tests.test_property_fee.TestPropertyFee" name="test_delete_fee" time="19.936" /><testcase classname="tests.test_property_fee.TestPropertyFee" name="test_pay_fee" time="0.000"><skipped type="pytest.skip" message="PropertyFeeManage.vue 表格中没有'缴费'按钮，该功能未实现">D:\community-system\community-system\automation\tests\test_property_fee.py:74: PropertyFeeManage.vue 表格中没有'缴费'按钮，该功能未实现</skipped></testcase><testcase classname="tests.test_property_fee.TestPropertyFee" name="test_reset_search" time="11.536" /><testcase classname="tests.test_property_fee.TestPropertyFee" name="test_add_fee_with_boundary_amount" time="17.006" /><testcase classname="tests.test_property_fee.TestPropertyFee" name="test_add_fee_negative_amount" time="16.987" /><testcase classname="tests.test_register.TestRegister" name="test_register_page_displayed" time="4.069" /><testcase classname="tests.test_register.TestRegister" name="test_register_success" time="48.171" /><testcase classname="tests.test_register.TestRegister" name="test_register_with_empty_fields" time="5.119" /><testcase classname="tests.test_register.TestRegister" name="test_register_with_mismatched_passwords" time="5.842" /><testcase classname="tests.test_register.TestRegister" name="test_register_with_short_password" time="5.853" /><testcase classname="tests.test_register.TestRegister" name="test_register_with_empty_username" time="5.770" /><testcase classname="tests.test_register.TestRegister" name="test_register_with_empty_password" time="5.777" /><testcase classname="tests.test_register.TestRegister" name="test_login_link_navigation" time="6.152" /><testcase classname="tests.test_register.TestRegister" name="test_register_with_existing_username" time="6.805" /><testcase classname="tests.test_register.TestRegister" name="test_register_boundary_long_username" time="7.037" /><testcase classname="tests.test_repair_manage.TestRepairManage" name="test_repair_list_displayed" time="9.587" /><testcase classname="tests.test_repair_manage.TestRepairManage" name="test_search_repair_by_status" time="32.150" /><testcase classname="tests.test_repair_manage.TestRepairManage" name="test_search_repair_by_urgency" time="11.519" /><testcase classname="tests.test_repair_manage.TestRepairManage" name="test_handle_repair" time="32.081" /><testcase classname="tests.test_repair_manage.TestRepairManage" name="test_complete_repair" time="0.000"><skipped type="pytest.skip" message="RepairManage.vue 中没有'完成'按钮，该功能未实现">D:\community-system\community-system\automation\tests\test_repair_manage.py:50: RepairManage.vue 中没有'完成'按钮，该功能未实现</skipped></testcase><testcase classname="tests.test_repair_manage.TestRepairManage" name="test_add_repair" time="0.000"><skipped type="pytest.skip" message="RepairManage.vue 中'新增'按钮被注释掉，该功能未启用">D:\community-system\community-system\automation\tests\test_repair_manage.py:62: RepairManage.vue 中'新增'按钮被注释掉，该功能未启用</skipped></testcase><testcase classname="tests.test_repair_manage.TestRepairManage" name="test_view_repair" time="19.588" /><testcase classname="tests.test_repair_manage.TestRepairManage" name="test_reset_search" time="32.133" /><testcase classname="tests.test_repair_manage.TestRepairManage" name="test_search_combined_filters" time="32.459" /><testcase classname="tests.test_user_manage.TestUserManage" name="test_user_list_displayed" time="9.037" /><testcase classname="tests.test_user_manage.TestUserManage" name="test_search_user_by_username" time="31.178" /><testcase classname="tests.test_user_manage.TestUserManage" name="test_search_user_by_status" time="10.973" /><testcase classname="tests.test_user_manage.TestUserManage" name="test_add_user" time="0.000"><skipped type="pytest.skip" message="UserManage.vue 新增用户对话框要求上传头像，当前测试未实现文件上传">D:\community-system\community-system\automation\tests\test_user_manage.py:36: UserManage.vue 新增用户对话框要求上传头像，当前测试未实现文件上传</skipped></testcase><testcase classname="tests.test_user_manage.TestUserManage" name="test_edit_user" time="31.234" /><testcase classname="tests.test_user_manage.TestUserManage" name="test_delete_user" time="0.000"><skipped type="pytest.skip" message="依赖 test_add_user，新增用户对话框要求上传头像">D:\community-system\community-system\automation\tests\test_user_manage.py:66: 依赖 test_add_user，新增用户对话框要求上传头像</skipped></testcase><testcase classname="tests.test_user_manage.TestUserManage" name="test_toggle_user_status" time="21.019" /><testcase classname="tests.test_user_manage.TestUserManage" name="test_reset_search" time="31.295" /><testcase classname="tests.test_user_manage.TestUserManage" name="test_add_user_cancel" time="20.165" /></testsuite></testsuites>